<?xml version="1.0" encoding="UTF-8"?>
<!-- Generated by org.testng.reporters.JUnitReportReporter -->
<testsuite hostname="EQHP-R38G-02" failures="0" tests="1" name="sampleprojectTests.Test1" time="15.562" errors="0" timestamp="2023-03-21T11:41:29 IST" skipped="0">
  <testcase classname="sampleprojectTests.Test1" name="launchURL" time="15.562"/>
  <system-out/>
</testsuite> <!-- sampleprojectTests.Test1 -->
