<?xml version="1.0" encoding="UTF-8"?>
<!-- Generated by org.testng.reporters.JUnitReportReporter -->
<testsuite hostname="EQHP-R38G-02" failures="0" tests="1" name="sampleprojectTests.Test2" time="14.318" errors="0" timestamp="2023-03-21T12:08:30 IST" skipped="0">
  <testcase classname="sampleprojectTests.Test2" name="homepage" time="14.318"/>
  <system-out/>
</testsuite> <!-- sampleprojectTests.Test2 -->
